2025-06-24 11:33:39,523 - BinanceTradingBot - INFO - Placing MARKET BUY order for 0.001 BTCUSDT
2025-06-24 11:33:39,523 - BinanceTradingBot - INFO - API Request: POST /fapi/v1/order
2025-06-24 11:33:39,523 - BinanceTradingBot - INFO - Parameters: {'symbol': 'BTCUSDT', 'side': 'BUY', 'type': 'MARKET', 'quantity': 0.001}
2025-06-24 11:33:39,973 - BinanceTradingBot - ERROR - Error placing market order for BTCUSDT: APIError(code=-2015): Invalid API-key, IP, or permissions for action
2025-06-24 11:33:39,973 - BinanceTradingBot - ERROR - Error CLI order placement: APIError(code=-2015): Invalid API-key, IP, or permissions for action
2025-06-24 11:51:53,841 - BinanceTradingBot - INFO - Placing MARKET BUY order for 0.001 BTCUSDT
2025-06-24 11:51:53,842 - BinanceTradingBot - INFO - API Request: POST /fapi/v1/order
2025-06-24 11:51:53,844 - BinanceTradingBot - INFO - Parameters: {'symbol': 'BTCUSDT', 'side': 'BUY', 'type': 'MARKET', 'quantity': 0.001}
2025-06-24 11:51:54,338 - BinanceTradingBot - ERROR - Error placing market order for BTCUSDT: APIError(code=-2015): Invalid API-key, IP, or permissions for action
2025-06-24 11:51:54,339 - BinanceTradingBot - ERROR - Error CLI order placement: APIError(code=-2015): Invalid API-key, IP, or permissions for action
2025-06-24 11:59:44,766 - BinanceTradingBot - INFO - Placing MARKET BUY order for 0.001 BTCUSDT
2025-06-24 11:59:44,766 - BinanceTradingBot - INFO - API Request: POST /api/v3/order
2025-06-24 11:59:44,766 - BinanceTradingBot - INFO - Parameters: {'symbol': 'BTCUSDT', 'side': 'BUY', 'type': 'MARKET', 'quantity': 0.001}
2025-06-24 11:59:45,225 - BinanceTradingBot - ERROR - Error placing market order for BTCUSDT: APIError(code=-1021): Timestamp for this request is outside of the recvWindow.
2025-06-24 11:59:45,228 - BinanceTradingBot - ERROR - Error CLI order placement: APIError(code=-1021): Timestamp for this request is outside of the recvWindow.
2025-06-24 12:01:59,404 - BinanceTradingBot - INFO - Placing MARKET BUY order for 0.001 BTCUSDT
2025-06-24 12:01:59,404 - BinanceTradingBot - INFO - API Request: POST /api/v3/order
2025-06-24 12:01:59,404 - BinanceTradingBot - INFO - Parameters: {'symbol': 'BTCUSDT', 'side': 'BUY', 'type': 'MARKET', 'quantity': 0.001}
2025-06-24 12:01:59,891 - BinanceTradingBot - INFO - API Response: {'symbol': 'BTCUSDT', 'orderId': 8953242, 'orderListId': -1, 'clientOrderId': 'tgiml0etNyQ5JZZvxlHshP', 'transactTime': 1750746719811, 'price': '0.00000000', 'origQty': '0.00100000', 'executedQty': '0.00100000', 'origQuoteOrderQty': '0.00000000', 'cummulativeQuoteQty': '105.51932000', 'status': 'FILLED', 'timeInForce': 'GTC', 'type': 'MARKET', 'side': 'BUY', 'workingTime': 1750746719811, 'fills': [{'price': '105519.32000000', 'qty': '0.00100000', 'commission': '0.00000000', 'commissionAsset': 'BTC', 'tradeId': 1701116}], 'selfTradePreventionMode': 'EXPIRE_MAKER'}
2025-06-24 12:01:59,891 - BinanceTradingBot - INFO - Order Result: {'symbol': 'BTCUSDT', 'orderId': 8953242, 'orderListId': -1, 'clientOrderId': 'tgiml0etNyQ5JZZvxlHshP', 'transactTime': 1750746719811, 'price': '0.00000000', 'origQty': '0.00100000', 'executedQty': '0.00100000', 'origQuoteOrderQty': '0.00000000', 'cummulativeQuoteQty': '105.51932000', 'status': 'FILLED', 'timeInForce': 'GTC', 'type': 'MARKET', 'side': 'BUY', 'workingTime': 1750746719811, 'fills': [{'price': '105519.32000000', 'qty': '0.00100000', 'commission': '0.00000000', 'commissionAsset': 'BTC', 'tradeId': 1701116}], 'selfTradePreventionMode': 'EXPIRE_MAKER'}
2025-06-24 12:02:42,547 - BinanceTradingBot - INFO - Placing MARKET SELL order for 0.001 BTCUSDT
2025-06-24 12:02:42,547 - BinanceTradingBot - INFO - API Request: POST /api/v3/order
2025-06-24 12:02:42,547 - BinanceTradingBot - INFO - Parameters: {'symbol': 'BTCUSDT', 'side': 'SELL', 'type': 'MARKET', 'quantity': 0.001}
2025-06-24 12:02:43,016 - BinanceTradingBot - INFO - API Response: {'symbol': 'BTCUSDT', 'orderId': 8953646, 'orderListId': -1, 'clientOrderId': 'q8Jd6JSq0BmskCZeymF03O', 'transactTime': 1750746762942, 'price': '0.00000000', 'origQty': '0.00100000', 'executedQty': '0.00100000', 'origQuoteOrderQty': '0.00000000', 'cummulativeQuoteQty': '105.55299600', 'status': 'FILLED', 'timeInForce': 'GTC', 'type': 'MARKET', 'side': 'SELL', 'workingTime': 1750746762942, 'fills': [{'price': '105555.30000000', 'qty': '0.00010000', 'commission': '0.00000000', 'commissionAsset': 'USDT', 'tradeId': 1701173}, {'price': '105552.74000000', 'qty': '0.00090000', 'commission': '0.00000000', 'commissionAsset': 'USDT', 'tradeId': 1701174}], 'selfTradePreventionMode': 'EXPIRE_MAKER'}
2025-06-24 12:02:43,016 - BinanceTradingBot - INFO - Order Result: {'symbol': 'BTCUSDT', 'orderId': 8953646, 'orderListId': -1, 'clientOrderId': 'q8Jd6JSq0BmskCZeymF03O', 'transactTime': 1750746762942, 'price': '0.00000000', 'origQty': '0.00100000', 'executedQty': '0.00100000', 'origQuoteOrderQty': '0.00000000', 'cummulativeQuoteQty': '105.55299600', 'status': 'FILLED', 'timeInForce': 'GTC', 'type': 'MARKET', 'side': 'SELL', 'workingTime': 1750746762942, 'fills': [{'price': '105555.30000000', 'qty': '0.00010000', 'commission': '0.00000000', 'commissionAsset': 'USDT', 'tradeId': 1701173}, {'price': '105552.74000000', 'qty': '0.00090000', 'commission': '0.00000000', 'commissionAsset': 'USDT', 'tradeId': 1701174}], 'selfTradePreventionMode': 'EXPIRE_MAKER'}
2025-06-24 12:11:07,875 - BinanceTradingBot - INFO - Placing LIMIT BUY order for 0.001 BTCUSDT
2025-06-24 12:11:07,875 - BinanceTradingBot - INFO - API Request: POST /api/v3/order
2025-06-24 12:11:07,875 - BinanceTradingBot - INFO - Parameters: {'symbol': 'BTCUSDT', 'side': 'BUY', 'type': 'LIMIT', 'timeInForce': 'GTC', 'quantity': 0.001, 'price': 0.0}
2025-06-24 12:11:08,342 - BinanceTradingBot - ERROR - Error placing limit order for BTCUSDT: APIError(code=-1013): Invalid price.
2025-06-24 12:14:10,782 - BinanceTradingBot - INFO - Placing MARKET BUY order for 0.001 BTCUSDT
2025-06-24 12:14:10,782 - BinanceTradingBot - INFO - API Request: POST /api/v3/order
2025-06-24 12:14:10,782 - BinanceTradingBot - INFO - Parameters: {'symbol': 'BTCUSDT', 'side': 'BUY', 'type': 'MARKET', 'quantity': 0.001}
2025-06-24 12:14:11,332 - BinanceTradingBot - INFO - API Response: {'symbol': 'BTCUSDT', 'orderId': 8960390, 'orderListId': -1, 'clientOrderId': 'KCExaBZO1VoOYUuENWc93w', 'transactTime': 1750747451263, 'price': '0.00000000', 'origQty': '0.00100000', 'executedQty': '0.00100000', 'origQuoteOrderQty': '0.00000000', 'cummulativeQuoteQty': '105.75029000', 'status': 'FILLED', 'timeInForce': 'GTC', 'type': 'MARKET', 'side': 'BUY', 'workingTime': 1750747451263, 'fills': [{'price': '105750.29000000', 'qty': '0.00100000', 'commission': '0.00000000', 'commissionAsset': 'BTC', 'tradeId': 1701795}], 'selfTradePreventionMode': 'EXPIRE_MAKER'}
2025-06-24 12:14:11,332 - BinanceTradingBot - INFO - Order Result: {'symbol': 'BTCUSDT', 'orderId': 8960390, 'orderListId': -1, 'clientOrderId': 'KCExaBZO1VoOYUuENWc93w', 'transactTime': 1750747451263, 'price': '0.00000000', 'origQty': '0.00100000', 'executedQty': '0.00100000', 'origQuoteOrderQty': '0.00000000', 'cummulativeQuoteQty': '105.75029000', 'status': 'FILLED', 'timeInForce': 'GTC', 'type': 'MARKET', 'side': 'BUY', 'workingTime': 1750747451263, 'fills': [{'price': '105750.29000000', 'qty': '0.00100000', 'commission': '0.00000000', 'commissionAsset': 'BTC', 'tradeId': 1701795}], 'selfTradePreventionMode': 'EXPIRE_MAKER'}
2025-06-24 12:14:18,682 - BinanceTradingBot - INFO - Placing MARKET SELL order for 0.001 BTCUSDT
2025-06-24 12:14:18,682 - BinanceTradingBot - INFO - API Request: POST /api/v3/order
2025-06-24 12:14:18,693 - BinanceTradingBot - INFO - Parameters: {'symbol': 'BTCUSDT', 'side': 'SELL', 'type': 'MARKET', 'quantity': 0.001}
2025-06-24 12:14:19,213 - BinanceTradingBot - INFO - API Response: {'symbol': 'BTCUSDT', 'orderId': 8960441, 'orderListId': -1, 'clientOrderId': 'P3qhsB4roQQjKJIUBjve2v', 'transactTime': 1750747459083, 'price': '0.00000000', 'origQty': '0.00100000', 'executedQty': '0.00100000', 'origQuoteOrderQty': '0.00000000', 'cummulativeQuoteQty': '105.75028000', 'status': 'FILLED', 'timeInForce': 'GTC', 'type': 'MARKET', 'side': 'SELL', 'workingTime': 1750747459083, 'fills': [{'price': '105750.28000000', 'qty': '0.00100000', 'commission': '0.00000000', 'commissionAsset': 'USDT', 'tradeId': 1701807}], 'selfTradePreventionMode': 'EXPIRE_MAKER'}
2025-06-24 12:14:19,213 - BinanceTradingBot - INFO - Order Result: {'symbol': 'BTCUSDT', 'orderId': 8960441, 'orderListId': -1, 'clientOrderId': 'P3qhsB4roQQjKJIUBjve2v', 'transactTime': 1750747459083, 'price': '0.00000000', 'origQty': '0.00100000', 'executedQty': '0.00100000', 'origQuoteOrderQty': '0.00000000', 'cummulativeQuoteQty': '105.75028000', 'status': 'FILLED', 'timeInForce': 'GTC', 'type': 'MARKET', 'side': 'SELL', 'workingTime': 1750747459083, 'fills': [{'price': '105750.28000000', 'qty': '0.00100000', 'commission': '0.00000000', 'commissionAsset': 'USDT', 'tradeId': 1701807}], 'selfTradePreventionMode': 'EXPIRE_MAKER'}
2025-06-24 12:20:09,952 - BinanceTradingBot - INFO - Placing MARKET SELL order for 1.0 BTCUSDT
2025-06-24 12:20:09,952 - BinanceTradingBot - INFO - API Request: POST /api/v3/order
2025-06-24 12:20:09,958 - BinanceTradingBot - INFO - Parameters: {'symbol': 'BTCUSDT', 'side': 'SELL', 'type': 'MARKET', 'quantity': 1.0}
2025-06-24 12:20:10,468 - BinanceTradingBot - INFO - API Response: {'symbol': 'BTCUSDT', 'orderId': 8963616, 'orderListId': -1, 'clientOrderId': 'WY5mCeALYjeKWBBoUj777F', 'transactTime': 1750747810400, 'price': '0.00000000', 'origQty': '1.00000000', 'executedQty': '1.00000000', 'origQuoteOrderQty': '0.00000000', 'cummulativeQuoteQty': '105748.88582300', 'status': 'FILLED', 'timeInForce': 'GTC', 'type': 'MARKET', 'side': 'SELL', 'workingTime': 1750747810400, 'fills': [{'price': '105807.11000000', 'qty': '0.00010000', 'commission': '0.00000000', 'commissionAsset': 'USDT', 'tradeId': 1702230}, {'price': '105748.88000000', 'qty': '0.04544000', 'commission': '0.00000000', 'commissionAsset': 'USDT', 'tradeId': 1702231}, {'price': '105748.88000000', 'qty': '0.95446000', 'commission': '0.00000000', 'commissionAsset': 'USDT', 'tradeId': 1702232}], 'selfTradePreventionMode': 'EXPIRE_MAKER'}
2025-06-24 12:20:10,478 - BinanceTradingBot - INFO - Order Result: {'symbol': 'BTCUSDT', 'orderId': 8963616, 'orderListId': -1, 'clientOrderId': 'WY5mCeALYjeKWBBoUj777F', 'transactTime': 1750747810400, 'price': '0.00000000', 'origQty': '1.00000000', 'executedQty': '1.00000000', 'origQuoteOrderQty': '0.00000000', 'cummulativeQuoteQty': '105748.88582300', 'status': 'FILLED', 'timeInForce': 'GTC', 'type': 'MARKET', 'side': 'SELL', 'workingTime': 1750747810400, 'fills': [{'price': '105807.11000000', 'qty': '0.00010000', 'commission': '0.00000000', 'commissionAsset': 'USDT', 'tradeId': 1702230}, {'price': '105748.88000000', 'qty': '0.04544000', 'commission': '0.00000000', 'commissionAsset': 'USDT', 'tradeId': 1702231}, {'price': '105748.88000000', 'qty': '0.95446000', 'commission': '0.00000000', 'commissionAsset': 'USDT', 'tradeId': 1702232}], 'selfTradePreventionMode': 'EXPIRE_MAKER'}
2025-06-24 13:59:40,348 - BinanceTradingBot - INFO - Placing MARKET BUY order for 12.0 BTCUSDT
2025-06-24 13:59:40,348 - BinanceTradingBot - INFO - API Request: POST /api/v3/order
2025-06-24 13:59:40,348 - BinanceTradingBot - INFO - Parameters: {'symbol': 'BTCUSDT', 'side': 'BUY', 'type': 'MARKET', 'quantity': 12.0}
2025-06-24 13:59:40,798 - BinanceTradingBot - ERROR - Error placing market order for BTCUSDT: APIError(code=-2010): Account has insufficient balance for requested action.
2025-06-24 14:01:28,860 - BinanceTradingBot - INFO - Placing MARKET BUY order for 0.001 BTCUSDT
2025-06-24 14:01:28,862 - BinanceTradingBot - INFO - API Request: POST /api/v3/order
2025-06-24 14:01:28,863 - BinanceTradingBot - INFO - Parameters: {'symbol': 'BTCUSDT', 'side': 'BUY', 'type': 'MARKET', 'quantity': 0.001}
2025-06-24 14:01:29,342 - BinanceTradingBot - INFO - API Response: {'symbol': 'BTCUSDT', 'orderId': 9022450, 'orderListId': -1, 'clientOrderId': 'OMBH4ZX0OwGX67FoLVZfPT', 'transactTime': 1750753889259, 'price': '0.00000000', 'origQty': '0.00100000', 'executedQty': '0.00100000', 'origQuoteOrderQty': '0.00000000', 'cummulativeQuoteQty': '105.11401000', 'status': 'FILLED', 'timeInForce': 'GTC', 'type': 'MARKET', 'side': 'BUY', 'workingTime': 1750753889259, 'fills': [{'price': '105114.01000000', 'qty': '0.00100000', 'commission': '0.00000000', 'commissionAsset': 'BTC', 'tradeId': 1711166}], 'selfTradePreventionMode': 'EXPIRE_MAKER'}
2025-06-24 14:01:29,345 - BinanceTradingBot - INFO - Order Result: {'symbol': 'BTCUSDT', 'orderId': 9022450, 'orderListId': -1, 'clientOrderId': 'OMBH4ZX0OwGX67FoLVZfPT', 'transactTime': 1750753889259, 'price': '0.00000000', 'origQty': '0.00100000', 'executedQty': '0.00100000', 'origQuoteOrderQty': '0.00000000', 'cummulativeQuoteQty': '105.11401000', 'status': 'FILLED', 'timeInForce': 'GTC', 'type': 'MARKET', 'side': 'BUY', 'workingTime': 1750753889259, 'fills': [{'price': '105114.01000000', 'qty': '0.00100000', 'commission': '0.00000000', 'commissionAsset': 'BTC', 'tradeId': 1711166}], 'selfTradePreventionMode': 'EXPIRE_MAKER'}
2025-06-24 14:01:39,180 - BinanceTradingBot - INFO - Placing MARKET SELL order for 0.001 BTCUSDT
2025-06-24 14:01:39,181 - BinanceTradingBot - INFO - API Request: POST /api/v3/order
2025-06-24 14:01:39,181 - BinanceTradingBot - INFO - Parameters: {'symbol': 'BTCUSDT', 'side': 'SELL', 'type': 'MARKET', 'quantity': 0.001}
2025-06-24 14:01:39,673 - BinanceTradingBot - INFO - API Response: {'symbol': 'BTCUSDT', 'orderId': 9022537, 'orderListId': -1, 'clientOrderId': 'PGPCWjVkAwcn1KLdR8UH3k', 'transactTime': 1750753899583, 'price': '0.00000000', 'origQty': '0.00100000', 'executedQty': '0.00100000', 'origQuoteOrderQty': '0.00000000', 'cummulativeQuoteQty': '105.10239000', 'status': 'FILLED', 'timeInForce': 'GTC', 'type': 'MARKET', 'side': 'SELL', 'workingTime': 1750753899583, 'fills': [{'price': '105102.39000000', 'qty': '0.00100000', 'commission': '0.00000000', 'commissionAsset': 'USDT', 'tradeId': 1711171}], 'selfTradePreventionMode': 'EXPIRE_MAKER'}
2025-06-24 14:01:39,674 - BinanceTradingBot - INFO - Order Result: {'symbol': 'BTCUSDT', 'orderId': 9022537, 'orderListId': -1, 'clientOrderId': 'PGPCWjVkAwcn1KLdR8UH3k', 'transactTime': 1750753899583, 'price': '0.00000000', 'origQty': '0.00100000', 'executedQty': '0.00100000', 'origQuoteOrderQty': '0.00000000', 'cummulativeQuoteQty': '105.10239000', 'status': 'FILLED', 'timeInForce': 'GTC', 'type': 'MARKET', 'side': 'SELL', 'workingTime': 1750753899583, 'fills': [{'price': '105102.39000000', 'qty': '0.00100000', 'commission': '0.00000000', 'commissionAsset': 'USDT', 'tradeId': 1711171}], 'selfTradePreventionMode': 'EXPIRE_MAKER'}
